app/build/intermediates/manifest_merge_blame_file/debug/manifest-merger-blame-debug-report.txt
1<?xml version="1.0" encoding="utf-8"?>
2<manifest xmlns:android="http://schemas.android.com/apk/res/android"
3    package="com.example.clientphoneTCParea"
4    android:versionCode="1"
5    android:versionName="1.0" >
6
7    <uses-sdk
8        android:minSdkVersion="14"
8-->src\main\AndroidManifest.xml
9        android:targetSdkVersion="28" />
9-->src\main\AndroidManifest.xml
10
11    <uses-permission android:name="android.permission.INTERNET" />
11-->src\main\AndroidManifest.xml:9:6-67
11-->src\main\AndroidManifest.xml:9:23-65
12    <uses-permission android:name="android.permission.READ_PHONE_STATE" />
12-->src\main\AndroidManifest.xml:10:5-75
12-->src\main\AndroidManifest.xml:10:22-72
13    <uses-permission android:name="android.permission.WRITE_EXTERNAL_STORAGE" />
13-->src\main\AndroidManifest.xml:11:5-81
13-->src\main\AndroidManifest.xml:11:22-78
14    <uses-permission android:name="android.permission.ACCESS_NETWORK_STATE" />
14-->src\main\AndroidManifest.xml:12:5-79
14-->src\main\AndroidManifest.xml:12:22-76
15    <uses-permission android:name="android.permission.ACCESS_WIFI_STATE" />
15-->src\main\AndroidManifest.xml:13:5-75
15-->src\main\AndroidManifest.xml:13:22-73
16    <uses-permission android:name="android.permission.INTERNET" />
16-->src\main\AndroidManifest.xml:9:6-67
16-->src\main\AndroidManifest.xml:9:23-65
17    <uses-permission android:name="android.permission.READ_EXTERNAL_STORAGE" />
17-->src\main\AndroidManifest.xml:15:5-79
17-->src\main\AndroidManifest.xml:15:22-77
18    <uses-permission android:name="android.permission.RECORD_AUDIO" />
18-->src\main\AndroidManifest.xml:16:5-70
18-->src\main\AndroidManifest.xml:16:22-68
19    <uses-permission android:name="android.permission.MODIFY_AUDIO_SETTINGS" />
19-->src\main\AndroidManifest.xml:17:5-80
19-->src\main\AndroidManifest.xml:17:22-77
20    <!-- 位置情報 GPSから -->
21    <uses-permission android:name="android.permission.ACCESS_FINE_LOCATION" />
21-->src\main\AndroidManifest.xml:19:5-79
21-->src\main\AndroidManifest.xml:19:22-76
22    <!-- 位置情報 ネットワークから -->
23    <uses-permission android:name="android.permission.ACCESS_COARSE_LOCATION" />
23-->src\main\AndroidManifest.xml:21:5-81
23-->src\main\AndroidManifest.xml:21:22-78
24    <!-- これは何だろう？？？ -->
25    <uses-permission android:name="android.permission.ACCESS_COARSE_UPDATES" />
25-->src\main\AndroidManifest.xml:23:5-80
25-->src\main\AndroidManifest.xml:23:22-77
26    <uses-permission android:name="android.permission.VIBRATE" />
26-->src\main\AndroidManifest.xml:24:5-82
26-->src\main\AndroidManifest.xml:24:22-63
27    <uses-permission android:name="android.permission.WAKE_LOCK" />
27-->src\main\AndroidManifest.xml:25:5-68
27-->src\main\AndroidManifest.xml:25:22-65
28    <uses-permission android:name="android.permission.VIBRATE" />
28-->src\main\AndroidManifest.xml:24:5-82
28-->src\main\AndroidManifest.xml:24:22-63
29
30    <!-- Google Play filtering -->
31    <uses-feature
31-->src\main\AndroidManifest.xml:29:5-88
32        android:name="android.hardware.wifi.direct"
32-->src\main\AndroidManifest.xml:29:19-62
33        android:required="true" />
33-->src\main\AndroidManifest.xml:29:63-86
34    <uses-feature
34-->src\main\AndroidManifest.xml:30:1-82
35        android:name="android.hardware.sip.voip"
35-->src\main\AndroidManifest.xml:30:15-55
36        android:required="true" />
36-->src\main\AndroidManifest.xml:30:56-79
37    <uses-feature
37-->src\main\AndroidManifest.xml:31:2-79
38        android:name="android.hardware.wifi"
38-->src\main\AndroidManifest.xml:31:16-52
39        android:required="true" />
39-->src\main\AndroidManifest.xml:31:53-76
40    <uses-feature
40-->src\main\AndroidManifest.xml:32:2-85
41        android:name="android.hardware.microphone"
41-->src\main\AndroidManifest.xml:32:16-58
42        android:required="true" />
42-->src\main\AndroidManifest.xml:32:59-82
43
44    <application
44-->src\main\AndroidManifest.xml:35:5-50:19
45        android:allowBackup="true"
45-->src\main\AndroidManifest.xml:36:9-35
46        android:appComponentFactory="android.support.v4.app.CoreComponentFactory"
46-->[com.android.support:support-compat:28.0.0] AndroidManifest.xml:22:18-91
47        android:debuggable="true"
48        android:icon="@drawable/ic_launcher"
48-->src\main\AndroidManifest.xml:37:9-45
49        android:label="@string/app_name"
49-->src\main\AndroidManifest.xml:38:9-41
50        android:testOnly="true" >
51        <activity
51-->src\main\AndroidManifest.xml:41:9-49:20
52            android:name="com.example.clientphone.MainActivity"
52-->src\main\AndroidManifest.xml:42:13-41
53            android:label="@string/app_name" >
53-->src\main\AndroidManifest.xml:43:13-45
54            <intent-filter>
54-->src\main\AndroidManifest.xml:44:13-48:29
55                <action android:name="android.intent.action.MAIN" />
55-->src\main\AndroidManifest.xml:45:17-69
55-->src\main\AndroidManifest.xml:45:25-66
56
57                <category android:name="android.intent.category.LAUNCHER" />
57-->src\main\AndroidManifest.xml:47:17-77
57-->src\main\AndroidManifest.xml:47:27-74
58            </intent-filter>
59        </activity>
60    </application>
61
62</manifest>